<?xml version="1.0" encoding="UTF-8"?>
<testsuite name="com.github.cc3002.citricjuice.model.board.NeutralPanelTest" tests="4" skipped="0" failures="0" errors="0" timestamp="2020-07-26T03:03:57" hostname="DESKTOP-U14D24J" time="0.008">
  <properties/>
  <testcase name="nextPanelTest()" classname="com.github.cc3002.citricjuice.model.board.NeutralPanelTest" time="0.003"/>
  <testcase name="addAndDeletePlayerOnTest()" classname="com.github.cc3002.citricjuice.model.board.NeutralPanelTest" time="0.001"/>
  <testcase name="activateByTest()" classname="com.github.cc3002.citricjuice.model.board.NeutralPanelTest" time="0.002"/>
  <testcase name="equalsTest()" classname="com.github.cc3002.citricjuice.model.board.NeutralPanelTest" time="0.001"/>
  <system-out><![CDATA[]]></system-out>
  <system-err><![CDATA[]]></system-err>
</testsuite>
