<?xml version="1.0" encoding="UTF-8"?>
<testsuite name="com.github.cc3002.citricjuice.model.board.EncounterPanelTest" tests="4" skipped="0" failures="0" errors="0" timestamp="2020-07-26T03:03:57" hostname="DESKTOP-U14D24J" time="0.028">
  <properties/>
  <testcase name="nextPanelTest()" classname="com.github.cc3002.citricjuice.model.board.EncounterPanelTest" time="0.006"/>
  <testcase name="addAndDeletePlayerOnTest()" classname="com.github.cc3002.citricjuice.model.board.EncounterPanelTest" time="0.002"/>
  <testcase name="activateByTest()" classname="com.github.cc3002.citricjuice.model.board.EncounterPanelTest" time="0.001"/>
  <testcase name="equalsTest()" classname="com.github.cc3002.citricjuice.model.board.EncounterPanelTest" time="0.004"/>
  <system-out><![CDATA[]]></system-out>
  <system-err><![CDATA[]]></system-err>
</testsuite>
