<?xml version="1.0" encoding="UTF-8"?>
<testsuite name="com.github.cc3002.citricjuice.model.board.BonusPanelTest" tests="103" skipped="0" failures="0" errors="0" timestamp="2020-07-26T03:03:55" hostname="DESKTOP-U14D24J" time="1.056">
  <properties/>
  <testcase name="nextPanelTest()" classname="com.github.cc3002.citricjuice.model.board.BonusPanelTest" time="0.02"/>
  <testcase name="addAndDeletePlayerOnTest()" classname="com.github.cc3002.citricjuice.model.board.BonusPanelTest" time="0.002"/>
  <testcase name="activateByTest()[1]" classname="com.github.cc3002.citricjuice.model.board.BonusPanelTest" time="0.011"/>
  <testcase name="activateByTest()[2]" classname="com.github.cc3002.citricjuice.model.board.BonusPanelTest" time="0.004"/>
  <testcase name="activateByTest()[3]" classname="com.github.cc3002.citricjuice.model.board.BonusPanelTest" time="0.002"/>
  <testcase name="activateByTest()[4]" classname="com.github.cc3002.citricjuice.model.board.BonusPanelTest" time="0.002"/>
  <testcase name="activateByTest()[5]" classname="com.github.cc3002.citricjuice.model.board.BonusPanelTest" time="0.001"/>
  <testcase name="activateByTest()[6]" classname="com.github.cc3002.citricjuice.model.board.BonusPanelTest" time="0.001"/>
  <testcase name="activateByTest()[7]" classname="com.github.cc3002.citricjuice.model.board.BonusPanelTest" time="0.001"/>
  <testcase name="activateByTest()[8]" classname="com.github.cc3002.citricjuice.model.board.BonusPanelTest" time="0.001"/>
  <testcase name="activateByTest()[9]" classname="com.github.cc3002.citricjuice.model.board.BonusPanelTest" time="0.001"/>
  <testcase name="activateByTest()[10]" classname="com.github.cc3002.citricjuice.model.board.BonusPanelTest" time="0.002"/>
  <testcase name="activateByTest()[11]" classname="com.github.cc3002.citricjuice.model.board.BonusPanelTest" time="0.001"/>
  <testcase name="activateByTest()[12]" classname="com.github.cc3002.citricjuice.model.board.BonusPanelTest" time="0.001"/>
  <testcase name="activateByTest()[13]" classname="com.github.cc3002.citricjuice.model.board.BonusPanelTest" time="0.002"/>
  <testcase name="activateByTest()[14]" classname="com.github.cc3002.citricjuice.model.board.BonusPanelTest" time="0.002"/>
  <testcase name="activateByTest()[15]" classname="com.github.cc3002.citricjuice.model.board.BonusPanelTest" time="0.002"/>
  <testcase name="activateByTest()[16]" classname="com.github.cc3002.citricjuice.model.board.BonusPanelTest" time="0.005"/>
  <testcase name="activateByTest()[17]" classname="com.github.cc3002.citricjuice.model.board.BonusPanelTest" time="0.001"/>
  <testcase name="activateByTest()[18]" classname="com.github.cc3002.citricjuice.model.board.BonusPanelTest" time="0.002"/>
  <testcase name="activateByTest()[19]" classname="com.github.cc3002.citricjuice.model.board.BonusPanelTest" time="0.003"/>
  <testcase name="activateByTest()[20]" classname="com.github.cc3002.citricjuice.model.board.BonusPanelTest" time="0.002"/>
  <testcase name="activateByTest()[21]" classname="com.github.cc3002.citricjuice.model.board.BonusPanelTest" time="0.003"/>
  <testcase name="activateByTest()[22]" classname="com.github.cc3002.citricjuice.model.board.BonusPanelTest" time="0.004"/>
  <testcase name="activateByTest()[23]" classname="com.github.cc3002.citricjuice.model.board.BonusPanelTest" time="0.012"/>
  <testcase name="activateByTest()[24]" classname="com.github.cc3002.citricjuice.model.board.BonusPanelTest" time="0.001"/>
  <testcase name="activateByTest()[25]" classname="com.github.cc3002.citricjuice.model.board.BonusPanelTest" time="0.001"/>
  <testcase name="activateByTest()[26]" classname="com.github.cc3002.citricjuice.model.board.BonusPanelTest" time="0.0"/>
  <testcase name="activateByTest()[27]" classname="com.github.cc3002.citricjuice.model.board.BonusPanelTest" time="0.001"/>
  <testcase name="activateByTest()[28]" classname="com.github.cc3002.citricjuice.model.board.BonusPanelTest" time="0.001"/>
  <testcase name="activateByTest()[29]" classname="com.github.cc3002.citricjuice.model.board.BonusPanelTest" time="0.001"/>
  <testcase name="activateByTest()[30]" classname="com.github.cc3002.citricjuice.model.board.BonusPanelTest" time="0.004"/>
  <testcase name="activateByTest()[31]" classname="com.github.cc3002.citricjuice.model.board.BonusPanelTest" time="0.0"/>
  <testcase name="activateByTest()[32]" classname="com.github.cc3002.citricjuice.model.board.BonusPanelTest" time="0.001"/>
  <testcase name="activateByTest()[33]" classname="com.github.cc3002.citricjuice.model.board.BonusPanelTest" time="0.001"/>
  <testcase name="activateByTest()[34]" classname="com.github.cc3002.citricjuice.model.board.BonusPanelTest" time="0.001"/>
  <testcase name="activateByTest()[35]" classname="com.github.cc3002.citricjuice.model.board.BonusPanelTest" time="0.0"/>
  <testcase name="activateByTest()[36]" classname="com.github.cc3002.citricjuice.model.board.BonusPanelTest" time="0.0"/>
  <testcase name="activateByTest()[37]" classname="com.github.cc3002.citricjuice.model.board.BonusPanelTest" time="0.002"/>
  <testcase name="activateByTest()[38]" classname="com.github.cc3002.citricjuice.model.board.BonusPanelTest" time="0.0"/>
  <testcase name="activateByTest()[39]" classname="com.github.cc3002.citricjuice.model.board.BonusPanelTest" time="0.001"/>
  <testcase name="activateByTest()[40]" classname="com.github.cc3002.citricjuice.model.board.BonusPanelTest" time="0.0"/>
  <testcase name="activateByTest()[41]" classname="com.github.cc3002.citricjuice.model.board.BonusPanelTest" time="0.001"/>
  <testcase name="activateByTest()[42]" classname="com.github.cc3002.citricjuice.model.board.BonusPanelTest" time="0.001"/>
  <testcase name="activateByTest()[43]" classname="com.github.cc3002.citricjuice.model.board.BonusPanelTest" time="0.0"/>
  <testcase name="activateByTest()[44]" classname="com.github.cc3002.citricjuice.model.board.BonusPanelTest" time="0.0"/>
  <testcase name="activateByTest()[45]" classname="com.github.cc3002.citricjuice.model.board.BonusPanelTest" time="0.001"/>
  <testcase name="activateByTest()[46]" classname="com.github.cc3002.citricjuice.model.board.BonusPanelTest" time="0.001"/>
  <testcase name="activateByTest()[47]" classname="com.github.cc3002.citricjuice.model.board.BonusPanelTest" time="0.0"/>
  <testcase name="activateByTest()[48]" classname="com.github.cc3002.citricjuice.model.board.BonusPanelTest" time="0.0"/>
  <testcase name="activateByTest()[49]" classname="com.github.cc3002.citricjuice.model.board.BonusPanelTest" time="0.001"/>
  <testcase name="activateByTest()[50]" classname="com.github.cc3002.citricjuice.model.board.BonusPanelTest" time="0.001"/>
  <testcase name="activateByTest()[51]" classname="com.github.cc3002.citricjuice.model.board.BonusPanelTest" time="0.002"/>
  <testcase name="activateByTest()[52]" classname="com.github.cc3002.citricjuice.model.board.BonusPanelTest" time="0.002"/>
  <testcase name="activateByTest()[53]" classname="com.github.cc3002.citricjuice.model.board.BonusPanelTest" time="0.002"/>
  <testcase name="activateByTest()[54]" classname="com.github.cc3002.citricjuice.model.board.BonusPanelTest" time="0.002"/>
  <testcase name="activateByTest()[55]" classname="com.github.cc3002.citricjuice.model.board.BonusPanelTest" time="0.001"/>
  <testcase name="activateByTest()[56]" classname="com.github.cc3002.citricjuice.model.board.BonusPanelTest" time="0.0"/>
  <testcase name="activateByTest()[57]" classname="com.github.cc3002.citricjuice.model.board.BonusPanelTest" time="0.001"/>
  <testcase name="activateByTest()[58]" classname="com.github.cc3002.citricjuice.model.board.BonusPanelTest" time="0.0"/>
  <testcase name="activateByTest()[59]" classname="com.github.cc3002.citricjuice.model.board.BonusPanelTest" time="0.002"/>
  <testcase name="activateByTest()[60]" classname="com.github.cc3002.citricjuice.model.board.BonusPanelTest" time="0.001"/>
  <testcase name="activateByTest()[61]" classname="com.github.cc3002.citricjuice.model.board.BonusPanelTest" time="0.006"/>
  <testcase name="activateByTest()[62]" classname="com.github.cc3002.citricjuice.model.board.BonusPanelTest" time="0.001"/>
  <testcase name="activateByTest()[63]" classname="com.github.cc3002.citricjuice.model.board.BonusPanelTest" time="0.0"/>
  <testcase name="activateByTest()[64]" classname="com.github.cc3002.citricjuice.model.board.BonusPanelTest" time="0.0"/>
  <testcase name="activateByTest()[65]" classname="com.github.cc3002.citricjuice.model.board.BonusPanelTest" time="0.0"/>
  <testcase name="activateByTest()[66]" classname="com.github.cc3002.citricjuice.model.board.BonusPanelTest" time="0.001"/>
  <testcase name="activateByTest()[67]" classname="com.github.cc3002.citricjuice.model.board.BonusPanelTest" time="0.0"/>
  <testcase name="activateByTest()[68]" classname="com.github.cc3002.citricjuice.model.board.BonusPanelTest" time="0.0"/>
  <testcase name="activateByTest()[69]" classname="com.github.cc3002.citricjuice.model.board.BonusPanelTest" time="0.0"/>
  <testcase name="activateByTest()[70]" classname="com.github.cc3002.citricjuice.model.board.BonusPanelTest" time="0.001"/>
  <testcase name="activateByTest()[71]" classname="com.github.cc3002.citricjuice.model.board.BonusPanelTest" time="0.023"/>
  <testcase name="activateByTest()[72]" classname="com.github.cc3002.citricjuice.model.board.BonusPanelTest" time="0.001"/>
  <testcase name="activateByTest()[73]" classname="com.github.cc3002.citricjuice.model.board.BonusPanelTest" time="0.0"/>
  <testcase name="activateByTest()[74]" classname="com.github.cc3002.citricjuice.model.board.BonusPanelTest" time="0.0"/>
  <testcase name="activateByTest()[75]" classname="com.github.cc3002.citricjuice.model.board.BonusPanelTest" time="0.0"/>
  <testcase name="activateByTest()[76]" classname="com.github.cc3002.citricjuice.model.board.BonusPanelTest" time="0.001"/>
  <testcase name="activateByTest()[77]" classname="com.github.cc3002.citricjuice.model.board.BonusPanelTest" time="0.001"/>
  <testcase name="activateByTest()[78]" classname="com.github.cc3002.citricjuice.model.board.BonusPanelTest" time="0.0"/>
  <testcase name="activateByTest()[79]" classname="com.github.cc3002.citricjuice.model.board.BonusPanelTest" time="0.001"/>
  <testcase name="activateByTest()[80]" classname="com.github.cc3002.citricjuice.model.board.BonusPanelTest" time="0.001"/>
  <testcase name="activateByTest()[81]" classname="com.github.cc3002.citricjuice.model.board.BonusPanelTest" time="0.0"/>
  <testcase name="activateByTest()[82]" classname="com.github.cc3002.citricjuice.model.board.BonusPanelTest" time="0.147"/>
  <testcase name="activateByTest()[83]" classname="com.github.cc3002.citricjuice.model.board.BonusPanelTest" time="0.002"/>
  <testcase name="activateByTest()[84]" classname="com.github.cc3002.citricjuice.model.board.BonusPanelTest" time="0.004"/>
  <testcase name="activateByTest()[85]" classname="com.github.cc3002.citricjuice.model.board.BonusPanelTest" time="0.006"/>
  <testcase name="activateByTest()[86]" classname="com.github.cc3002.citricjuice.model.board.BonusPanelTest" time="0.003"/>
  <testcase name="activateByTest()[87]" classname="com.github.cc3002.citricjuice.model.board.BonusPanelTest" time="0.002"/>
  <testcase name="activateByTest()[88]" classname="com.github.cc3002.citricjuice.model.board.BonusPanelTest" time="0.001"/>
  <testcase name="activateByTest()[89]" classname="com.github.cc3002.citricjuice.model.board.BonusPanelTest" time="0.001"/>
  <testcase name="activateByTest()[90]" classname="com.github.cc3002.citricjuice.model.board.BonusPanelTest" time="0.0"/>
  <testcase name="activateByTest()[91]" classname="com.github.cc3002.citricjuice.model.board.BonusPanelTest" time="0.008"/>
  <testcase name="activateByTest()[92]" classname="com.github.cc3002.citricjuice.model.board.BonusPanelTest" time="0.0"/>
  <testcase name="activateByTest()[93]" classname="com.github.cc3002.citricjuice.model.board.BonusPanelTest" time="0.001"/>
  <testcase name="activateByTest()[94]" classname="com.github.cc3002.citricjuice.model.board.BonusPanelTest" time="0.0"/>
  <testcase name="activateByTest()[95]" classname="com.github.cc3002.citricjuice.model.board.BonusPanelTest" time="0.0"/>
  <testcase name="activateByTest()[96]" classname="com.github.cc3002.citricjuice.model.board.BonusPanelTest" time="0.0"/>
  <testcase name="activateByTest()[97]" classname="com.github.cc3002.citricjuice.model.board.BonusPanelTest" time="0.0"/>
  <testcase name="activateByTest()[98]" classname="com.github.cc3002.citricjuice.model.board.BonusPanelTest" time="0.001"/>
  <testcase name="activateByTest()[99]" classname="com.github.cc3002.citricjuice.model.board.BonusPanelTest" time="0.001"/>
  <testcase name="activateByTest()[100]" classname="com.github.cc3002.citricjuice.model.board.BonusPanelTest" time="0.001"/>
  <testcase name="equalsTest()" classname="com.github.cc3002.citricjuice.model.board.BonusPanelTest" time="0.003"/>
  <system-out><![CDATA[]]></system-out>
  <system-err><![CDATA[]]></system-err>
</testsuite>
